<?xml version="1.0" encoding="UTF-8"?>
<testsuite xmlns:xsi="http://www.w3.org/2001/XMLSchema-instance" xsi:noNamespaceSchemaLocation="https://maven.apache.org/surefire/maven-surefire-plugin/xsd/surefire-test-report-3.0.xsd" version="3.0" name="isel.sisinf.AppTest" time="2.357" tests="2" errors="0" skipped="0" failures="0">
  <properties>
    <property name="java.specification.version" value="23"/>
    <property name="sun.cpu.isalist" value="amd64"/>
    <property name="sun.jnu.encoding" value="Cp1252"/>
    <property name="java.class.path" value="C:\4Semestre\SI\scooter\cites-project\app\target\test-classes;C:\4Semestre\SI\scooter\cites-project\app\target\classes;C:\Users\jonys\.m2\repository\junit\junit\4.13.1\junit-4.13.1.jar;C:\Users\jonys\.m2\repository\org\hamcrest\hamcrest-core\1.3\hamcrest-core-1.3.jar;C:\4Semestre\SI\scooter\cites-project\dal\target\dal-1.0-SNAPSHOT.jar;C:\Users\jonys\.m2\repository\org\eclipse\persistence\eclipselink\4.0.6\eclipselink-4.0.6.jar;C:\Users\jonys\.m2\repository\jakarta\xml\bind\jakarta.xml.bind-api\4.0.2\jakarta.xml.bind-api-4.0.2.jar;C:\Users\jonys\.m2\repository\com\sun\xml\bind\jaxb-xjc\4.0.5\jaxb-xjc-4.0.5.jar;C:\Users\jonys\.m2\repository\com\sun\xml\bind\jaxb-core\4.0.5\jaxb-core-4.0.5.jar;C:\Users\jonys\.m2\repository\org\eclipse\angus\angus-activation\2.0.2\angus-activation-2.0.2.jar;C:\Users\jonys\.m2\repository\jakarta\activation\jakarta.activation-api\2.1.3\jakarta.activation-api-2.1.3.jar;C:\Users\jonys\.m2\repository\org\postgresql\postgresql\42.7.5\postgresql-42.7.5.jar;C:\Users\jonys\.m2\repository\org\checkerframework\checker-qual\3.48.3\checker-qual-3.48.3.jar;C:\4Semestre\SI\scooter\cites-project\model\target\model-1.0-SNAPSHOT.jar;C:\Users\jonys\.m2\repository\jakarta\persistence\jakarta.persistence-api\3.1.0\jakarta.persistence-api-3.1.0.jar;"/>
    <property name="java.vm.vendor" value="Amazon.com Inc."/>
    <property name="sun.arch.data.model" value="64"/>
    <property name="user.variant" value=""/>
    <property name="java.vendor.url" value="https://aws.amazon.com/corretto/"/>
    <property name="user.timezone" value="Europe/Lisbon"/>
    <property name="user.country.format" value="PT"/>
    <property name="os.name" value="Windows 11"/>
    <property name="java.vm.specification.version" value="23"/>
    <property name="sun.java.launcher" value="SUN_STANDARD"/>
    <property name="user.country" value="US"/>
    <property name="sun.boot.library.path" value="C:\Users\jonys\.jdks\corretto-23.0.2\bin"/>
    <property name="sun.java.command" value="C:\Users\jonys\AppData\Local\Temp\surefire3342422934039179004\surefirebooter-20250523002036910_17.jar C:\Users\jonys\AppData\Local\Temp\surefire3342422934039179004 2025-05-23T00-20-30_672-jvmRun1 surefire-20250523002036910_15tmp surefire_2-20250523002036910_16tmp"/>
    <property name="jdk.debug" value="release"/>
    <property name="surefire.test.class.path" value="C:\4Semestre\SI\scooter\cites-project\app\target\test-classes;C:\4Semestre\SI\scooter\cites-project\app\target\classes;C:\Users\jonys\.m2\repository\junit\junit\4.13.1\junit-4.13.1.jar;C:\Users\jonys\.m2\repository\org\hamcrest\hamcrest-core\1.3\hamcrest-core-1.3.jar;C:\4Semestre\SI\scooter\cites-project\dal\target\dal-1.0-SNAPSHOT.jar;C:\Users\jonys\.m2\repository\org\eclipse\persistence\eclipselink\4.0.6\eclipselink-4.0.6.jar;C:\Users\jonys\.m2\repository\jakarta\xml\bind\jakarta.xml.bind-api\4.0.2\jakarta.xml.bind-api-4.0.2.jar;C:\Users\jonys\.m2\repository\com\sun\xml\bind\jaxb-xjc\4.0.5\jaxb-xjc-4.0.5.jar;C:\Users\jonys\.m2\repository\com\sun\xml\bind\jaxb-core\4.0.5\jaxb-core-4.0.5.jar;C:\Users\jonys\.m2\repository\org\eclipse\angus\angus-activation\2.0.2\angus-activation-2.0.2.jar;C:\Users\jonys\.m2\repository\jakarta\activation\jakarta.activation-api\2.1.3\jakarta.activation-api-2.1.3.jar;C:\Users\jonys\.m2\repository\org\postgresql\postgresql\42.7.5\postgresql-42.7.5.jar;C:\Users\jonys\.m2\repository\org\checkerframework\checker-qual\3.48.3\checker-qual-3.48.3.jar;C:\4Semestre\SI\scooter\cites-project\model\target\model-1.0-SNAPSHOT.jar;C:\Users\jonys\.m2\repository\jakarta\persistence\jakarta.persistence-api\3.1.0\jakarta.persistence-api-3.1.0.jar;"/>
    <property name="sun.cpu.endian" value="little"/>
    <property name="user.home" value="C:\Users\jonys"/>
    <property name="user.language" value="en"/>
    <property name="java.specification.vendor" value="Oracle Corporation"/>
    <property name="java.version.date" value="2025-01-21"/>
    <property name="java.home" value="C:\Users\jonys\.jdks\corretto-23.0.2"/>
    <property name="file.separator" value="\"/>
    <property name="basedir" value="C:\4Semestre\SI\scooter\cites-project\app"/>
    <property name="java.vm.compressedOopsMode" value="Zero based"/>
    <property name="line.separator" value="&#10;"/>
    <property name="java.vm.specification.vendor" value="Oracle Corporation"/>
    <property name="java.specification.name" value="Java Platform API Specification"/>
    <property name="surefire.real.class.path" value="C:\Users\jonys\AppData\Local\Temp\surefire3342422934039179004\surefirebooter-20250523002036910_17.jar"/>
    <property name="user.script" value=""/>
    <property name="sun.management.compiler" value="HotSpot 64-Bit Tiered Compilers"/>
    <property name="java.runtime.version" value="23.0.2+7-FR"/>
    <property name="user.name" value="jonys"/>
    <property name="stdout.encoding" value="Cp1252"/>
    <property name="path.separator" value=";"/>
    <property name="os.version" value="10.0"/>
    <property name="java.runtime.name" value="OpenJDK Runtime Environment"/>
    <property name="file.encoding" value="UTF-8"/>
    <property name="java.vm.name" value="OpenJDK 64-Bit Server VM"/>
    <property name="java.vendor.version" value="Corretto-23.0.2.7.1"/>
    <property name="localRepository" value="C:\Users\jonys\.m2\repository"/>
    <property name="java.vendor.url.bug" value="https://github.com/corretto/corretto-23/issues/"/>
    <property name="java.io.tmpdir" value="C:\Users\jonys\AppData\Local\Temp\"/>
    <property name="idea.version" value="2025.1.1.1"/>
    <property name="java.version" value="23.0.2"/>
    <property name="user.dir" value="C:\4Semestre\SI\scooter\cites-project\app"/>
    <property name="os.arch" value="amd64"/>
    <property name="java.vm.specification.name" value="Java Virtual Machine Specification"/>
    <property name="user.language.format" value="pt"/>
    <property name="sun.os.patch.level" value=""/>
    <property name="native.encoding" value="Cp1252"/>
    <property name="java.library.path" value="C:\Users\jonys\.jdks\corretto-23.0.2\bin;C:\WINDOWS\Sun\Java\bin;C:\WINDOWS\system32;C:\WINDOWS;C:\Program Files\Common Files\Oracle\Java\javapath;C:\WINDOWS\system32;C:\WINDOWS;C:\WINDOWS\System32\Wbem;C:\WINDOWS\System32\WindowsPowerShell\v1.0\;C:\WINDOWS\System32\OpenSSH\;C:\Program Files\dotnet\;C:\Program Files\NVIDIA Corporation\NVIDIA App\NvDLISR;C:\Program Files (x86)\NVIDIA Corporation\PhysX\Common;C:\Program Files\Git\cmd;C:\Program Files\Docker\Docker\resources\bin;C:\Program Files\WinRAR;C:\Users\jonys\AppData\Local\Microsoft\WindowsApps;C:\Users\jonys\AppData\Local\Programs\Microsoft VS Code\bin;C:\Users\jonys\.dotnet\tools;C:\Users\jonys\AppData\Roaming\ISEL\P16\p16dbg_v4.6;C:\Users\jonys\AppData\Roaming\ISEL\P16\p16as_v1.5.0;C:\Users\jonys\AppData\Roaming\ISEL\P16\p16sim_v3.14.4;C:\Users\jonys\AppData\Roaming\ISEL\P16;."/>
    <property name="java.vm.info" value="mixed mode, sharing"/>
    <property name="stderr.encoding" value="Cp1252"/>
    <property name="java.vendor" value="Amazon.com Inc."/>
    <property name="java.vm.version" value="23.0.2+7-FR"/>
    <property name="sun.io.unicode.encoding" value="UnicodeLittle"/>
    <property name="java.class.version" value="67.0"/>
  </properties>
  <testcase name="testGetDockOccupancy" classname="isel.sisinf.AppTest" time="1.59">
    <system-out><![CDATA[[EL Fine]: server: 2025-05-23 00:20:37.56--Thread(Thread[#1,main,5,main])--Configured server platform: org.eclipse.persistence.platform.server.NoServerPlatform
[EL Config]: metadata: 2025-05-23 00:20:37.672--ServerSession(777379084)--Thread(Thread[#1,main,5,main])--The access type for the persistent class [class isel.sisinf.model.Rider] is set to [FIELD].
[EL Config]: metadata: 2025-05-23 00:20:37.685--ServerSession(777379084)--Thread(Thread[#1,main,5,main])--The access type for the persistent class [class isel.sisinf.model.Dock] is set to [FIELD].
[EL Config]: metadata: 2025-05-23 00:20:37.69--ServerSession(777379084)--Thread(Thread[#1,main,5,main])--The access type for the persistent class [class isel.sisinf.model.Scooter] is set to [FIELD].
[EL Config]: metadata: 2025-05-23 00:20:37.69--ServerSession(777379084)--Thread(Thread[#1,main,5,main])--The alias name for the entity class [class isel.sisinf.model.Rider] is being defaulted to: Rider.
[EL Config]: metadata: 2025-05-23 00:20:37.702--ServerSession(777379084)--Thread(Thread[#1,main,5,main])--The alias name for the entity class [class isel.sisinf.model.Dock] is being defaulted to: Dock.
[EL Config]: metadata: 2025-05-23 00:20:37.704--ServerSession(777379084)--Thread(Thread[#1,main,5,main])--The alias name for the entity class [class isel.sisinf.model.Scooter] is being defaulted to: Scooter.
[EL Info]: 2025-05-23 00:20:37.808--ServerSession(777379084)--Thread(Thread[#1,main,5,main])--EclipseLink, version: Eclipse Persistence Services - 4.0.6.v202504090809-b9b1a3052f5ed8d3d838116c07fd4d6d6753df8b
[EL Fine]: connection: 2025-05-23 00:20:38.371--Thread(Thread[#1,main,5,main])--Detected database platform: org.eclipse.persistence.platform.database.PostgreSQL10Platform
[EL Fine]: 2025-05-23 00:20:38.376--Thread(Thread[#1,main,5,main])--JsonPlatformProvider class org.eclipse.persistence.pgsql.PostgreSQLJsonPlatformProvider was not found
[EL Fine]: 2025-05-23 00:20:38.38--Thread(Thread[#1,main,5,main])--JsonPlatformProvider class org.eclipse.persistence.platform.database.oracle.json.OracleJsonPlatformProvider was not found
[EL Fine]: 2025-05-23 00:20:38.38--Thread(Thread[#1,main,5,main])--JsonPlatformProvider class org.eclipse.persistence.json.DefaultJsonPlatformProvider was not found
[EL Fine]: 2025-05-23 00:20:38.381--Thread(Thread[#1,main,5,main])--pgsql10_platform_without_json_extension (There is no English translation for this message.)
[EL Fine]: connection: 2025-05-23 00:20:38.385--ServerSession(777379084)--Connection(998242313)--Thread(Thread[#1,main,5,main])--connecting(DatabaseLogin(
	platform=>PostgreSQL10Platform
	user name=> "t44dg70"
	datasource URL=> "jdbc:postgresql://sisinfvlab1.dyn.fil.isel.pt:5432/postgres"
))
[EL Config]: connection: 2025-05-23 00:20:38.711--ServerSession(777379084)--Connection(464872674)--Thread(Thread[#1,main,5,main])--Connected: jdbc:postgresql://sisinfvlab1.dyn.fil.isel.pt:5432/postgres
	User: t44dg70
	Database: PostgreSQL  Version: 15.12 (Ubuntu 15.12-1.pgdg22.04+1)
	Driver: PostgreSQL JDBC Driver  Version: 42.7.5
[EL Fine]: connection: 2025-05-23 00:20:38.754--ServerSession(777379084)--Thread(Thread[#1,main,5,main])--/file:/C:/4Semestre/SI/scooter/cites-project/app/target/test-classes/_citesPU login successful
[EL Fine]: sql: 2025-05-23 00:20:38.906--ServerSession(777379084)--Connection(464872674)--Thread(Thread[#1,main,5,main])--SELECT DISTINCT station FROM DOCK
[EL Fine]: sql: 2025-05-23 00:20:38.937--ServerSession(777379084)--Connection(464872674)--Thread(Thread[#1,main,5,main])--SELECT fx_dock_occupancy(?)
	bind => [3]
[EL Fine]: connection: 2025-05-23 00:20:38.957--ServerSession(777379084)--Connection(464872674)--Thread(Thread[#1,main,5,main])--disconnect
[EL Fine]: connection: 2025-05-23 00:20:38.969--ServerSession(777379084)--Thread(Thread[#1,main,5,main])--/file:/C:/4Semestre/SI/scooter/cites-project/app/target/test-classes/_citesPU logout successful
[EL Fine]: connection: 2025-05-23 00:20:38.97--ServerSession(777379084)--Connection(998242313)--Thread(Thread[#1,main,5,main])--disconnect
]]></system-out>
  </testcase>
  <testcase name="testRiderViewIntegration" classname="isel.sisinf.AppTest" time="0.715">
    <system-out><![CDATA[[EL Fine]: moxy: 2025-05-23 00:20:38.973--Thread(Thread[#1,main,5,main])--SAXParserFactory instance: com.sun.org.apache.xerces.internal.jaxp.SAXParserFactoryImpl@16943e88
[EL Fine]: server: 2025-05-23 00:20:38.976--Thread(Thread[#1,main,5,main])--Configured server platform: org.eclipse.persistence.platform.server.NoServerPlatform
[EL Config]: metadata: 2025-05-23 00:20:38.982--ServerSession(220432328)--Thread(Thread[#1,main,5,main])--The access type for the persistent class [class isel.sisinf.model.Rider] is set to [FIELD].
[EL Config]: metadata: 2025-05-23 00:20:38.983--ServerSession(220432328)--Thread(Thread[#1,main,5,main])--The access type for the persistent class [class isel.sisinf.model.Dock] is set to [FIELD].
[EL Config]: metadata: 2025-05-23 00:20:38.985--ServerSession(220432328)--Thread(Thread[#1,main,5,main])--The access type for the persistent class [class isel.sisinf.model.Scooter] is set to [FIELD].
[EL Config]: metadata: 2025-05-23 00:20:38.986--ServerSession(220432328)--Thread(Thread[#1,main,5,main])--The alias name for the entity class [class isel.sisinf.model.Rider] is being defaulted to: Rider.
[EL Config]: metadata: 2025-05-23 00:20:38.988--ServerSession(220432328)--Thread(Thread[#1,main,5,main])--The alias name for the entity class [class isel.sisinf.model.Dock] is being defaulted to: Dock.
[EL Config]: metadata: 2025-05-23 00:20:38.989--ServerSession(220432328)--Thread(Thread[#1,main,5,main])--The alias name for the entity class [class isel.sisinf.model.Scooter] is being defaulted to: Scooter.
[EL Info]: 2025-05-23 00:20:38.993--ServerSession(220432328)--Thread(Thread[#1,main,5,main])--EclipseLink, version: Eclipse Persistence Services - 4.0.6.v202504090809-b9b1a3052f5ed8d3d838116c07fd4d6d6753df8b
[EL Fine]: connection: 2025-05-23 00:20:39.307--Thread(Thread[#1,main,5,main])--Detected database platform: org.eclipse.persistence.platform.database.PostgreSQL10Platform
[EL Fine]: 2025-05-23 00:20:39.308--Thread(Thread[#1,main,5,main])--JsonPlatformProvider class org.eclipse.persistence.pgsql.PostgreSQLJsonPlatformProvider was not found
[EL Fine]: 2025-05-23 00:20:39.309--Thread(Thread[#1,main,5,main])--JsonPlatformProvider class org.eclipse.persistence.platform.database.oracle.json.OracleJsonPlatformProvider was not found
[EL Fine]: 2025-05-23 00:20:39.31--Thread(Thread[#1,main,5,main])--JsonPlatformProvider class org.eclipse.persistence.json.DefaultJsonPlatformProvider was not found
[EL Fine]: 2025-05-23 00:20:39.31--Thread(Thread[#1,main,5,main])--pgsql10_platform_without_json_extension (There is no English translation for this message.)
[EL Fine]: connection: 2025-05-23 00:20:39.311--ServerSession(220432328)--Connection(249515830)--Thread(Thread[#1,main,5,main])--connecting(DatabaseLogin(
	platform=>PostgreSQL10Platform
	user name=> "t44dg70"
	datasource URL=> "jdbc:postgresql://sisinfvlab1.dyn.fil.isel.pt:5432/postgres"
))
[EL Config]: connection: 2025-05-23 00:20:39.629--ServerSession(220432328)--Connection(43856716)--Thread(Thread[#1,main,5,main])--Connected: jdbc:postgresql://sisinfvlab1.dyn.fil.isel.pt:5432/postgres
	User: t44dg70
	Database: PostgreSQL  Version: 15.12 (Ubuntu 15.12-1.pgdg22.04+1)
	Driver: PostgreSQL JDBC Driver  Version: 42.7.5
[EL Fine]: connection: 2025-05-23 00:20:39.632--ServerSession(220432328)--Thread(Thread[#1,main,5,main])--/file:/C:/4Semestre/SI/scooter/cites-project/app/target/test-classes/_citesPU login successful
[EL Fine]: sql: 2025-05-23 00:20:39.635--ServerSession(220432328)--Connection(43856716)--Thread(Thread[#1,main,5,main])--SELECT id, email, taxnumber, name, dtregister, cardid, credit, typeofcard FROM RIDER
[EL Fine]: connection: 2025-05-23 00:20:39.671--ServerSession(220432328)--Connection(43856716)--Thread(Thread[#1,main,5,main])--disconnect
[EL Fine]: connection: 2025-05-23 00:20:39.684--ServerSession(220432328)--Thread(Thread[#1,main,5,main])--/file:/C:/4Semestre/SI/scooter/cites-project/app/target/test-classes/_citesPU logout successful
[EL Fine]: connection: 2025-05-23 00:20:39.685--ServerSession(220432328)--Connection(249515830)--Thread(Thread[#1,main,5,main])--disconnect
]]></system-out>
  </testcase>
</testsuite>