<?xml version="1.0" encoding="UTF-8"?>
<testsuite xmlns:xsi="http://www.w3.org/2001/XMLSchema-instance" xsi:noNamespaceSchemaLocation="https://maven.apache.org/surefire/maven-surefire-plugin/xsd/surefire-test-report-3.0.xsd" version="3.0" name="isel.sisinf.AppTest" time="1.133" tests="2" errors="0" skipped="0" failures="0">
  <properties>
    <property name="java.specification.version" value="22"/>
    <property name="sun.jnu.encoding" value="UTF-8"/>
    <property name="java.class.path" value="/home/joao/4Semestre/Projeto SI/scooter/cites-project/app/target/test-classes:/home/joao/4Semestre/Projeto SI/scooter/cites-project/app/target/classes:/home/joao/.m2/repository/junit/junit/4.13.1/junit-4.13.1.jar:/home/joao/.m2/repository/org/hamcrest/hamcrest-core/1.3/hamcrest-core-1.3.jar:/home/joao/4Semestre/Projeto SI/scooter/cites-project/dal/target/dal-1.0-SNAPSHOT.jar:/home/joao/.m2/repository/org/eclipse/persistence/eclipselink/4.0.6/eclipselink-4.0.6.jar:/home/joao/.m2/repository/jakarta/xml/bind/jakarta.xml.bind-api/4.0.2/jakarta.xml.bind-api-4.0.2.jar:/home/joao/.m2/repository/com/sun/xml/bind/jaxb-xjc/4.0.5/jaxb-xjc-4.0.5.jar:/home/joao/.m2/repository/com/sun/xml/bind/jaxb-core/4.0.5/jaxb-core-4.0.5.jar:/home/joao/.m2/repository/org/eclipse/angus/angus-activation/2.0.2/angus-activation-2.0.2.jar:/home/joao/.m2/repository/jakarta/activation/jakarta.activation-api/2.1.3/jakarta.activation-api-2.1.3.jar:/home/joao/.m2/repository/org/postgresql/postgresql/42.7.5/postgresql-42.7.5.jar:/home/joao/.m2/repository/org/checkerframework/checker-qual/3.48.3/checker-qual-3.48.3.jar:/home/joao/4Semestre/Projeto SI/scooter/cites-project/model/target/model-1.0-SNAPSHOT.jar:/home/joao/.m2/repository/jakarta/persistence/jakarta.persistence-api/3.1.0/jakarta.persistence-api-3.1.0.jar:"/>
    <property name="java.vm.vendor" value="Eclipse Adoptium"/>
    <property name="sun.arch.data.model" value="64"/>
    <property name="java.vendor.url" value="https://adoptium.net/"/>
    <property name="os.name" value="Linux"/>
    <property name="java.vm.specification.version" value="22"/>
    <property name="sun.java.launcher" value="SUN_STANDARD"/>
    <property name="user.country" value="US"/>
    <property name="sun.boot.library.path" value="/home/joao/.gradle/jdks/eclipse_adoptium-22-amd64-linux.2/lib"/>
    <property name="sun.java.command" value="/home/joao/4Semestre/Projeto SI/scooter/cites-project/app/target/surefire/surefirebooter-20250523153521160_17.jar /home/joao/4Semestre/Projeto SI/scooter/cites-project/app/target/surefire 2025-05-23T15-35-18_259-jvmRun1 surefire-20250523153521160_15tmp surefire_2-20250523153521160_16tmp"/>
    <property name="jdk.debug" value="release"/>
    <property name="surefire.test.class.path" value="/home/joao/4Semestre/Projeto SI/scooter/cites-project/app/target/test-classes:/home/joao/4Semestre/Projeto SI/scooter/cites-project/app/target/classes:/home/joao/.m2/repository/junit/junit/4.13.1/junit-4.13.1.jar:/home/joao/.m2/repository/org/hamcrest/hamcrest-core/1.3/hamcrest-core-1.3.jar:/home/joao/4Semestre/Projeto SI/scooter/cites-project/dal/target/dal-1.0-SNAPSHOT.jar:/home/joao/.m2/repository/org/eclipse/persistence/eclipselink/4.0.6/eclipselink-4.0.6.jar:/home/joao/.m2/repository/jakarta/xml/bind/jakarta.xml.bind-api/4.0.2/jakarta.xml.bind-api-4.0.2.jar:/home/joao/.m2/repository/com/sun/xml/bind/jaxb-xjc/4.0.5/jaxb-xjc-4.0.5.jar:/home/joao/.m2/repository/com/sun/xml/bind/jaxb-core/4.0.5/jaxb-core-4.0.5.jar:/home/joao/.m2/repository/org/eclipse/angus/angus-activation/2.0.2/angus-activation-2.0.2.jar:/home/joao/.m2/repository/jakarta/activation/jakarta.activation-api/2.1.3/jakarta.activation-api-2.1.3.jar:/home/joao/.m2/repository/org/postgresql/postgresql/42.7.5/postgresql-42.7.5.jar:/home/joao/.m2/repository/org/checkerframework/checker-qual/3.48.3/checker-qual-3.48.3.jar:/home/joao/4Semestre/Projeto SI/scooter/cites-project/model/target/model-1.0-SNAPSHOT.jar:/home/joao/.m2/repository/jakarta/persistence/jakarta.persistence-api/3.1.0/jakarta.persistence-api-3.1.0.jar:"/>
    <property name="sun.cpu.endian" value="little"/>
    <property name="user.home" value="/home/joao"/>
    <property name="user.language" value="en"/>
    <property name="java.specification.vendor" value="Oracle Corporation"/>
    <property name="java.version.date" value="2024-07-16"/>
    <property name="java.home" value="/home/joao/.gradle/jdks/eclipse_adoptium-22-amd64-linux.2"/>
    <property name="file.separator" value="/"/>
    <property name="basedir" value="/home/joao/4Semestre/Projeto SI/scooter/cites-project/app"/>
    <property name="java.vm.compressedOopsMode" value="Zero based"/>
    <property name="line.separator" value="&#10;"/>
    <property name="java.specification.name" value="Java Platform API Specification"/>
    <property name="java.vm.specification.vendor" value="Oracle Corporation"/>
    <property name="surefire.real.class.path" value="/home/joao/4Semestre/Projeto SI/scooter/cites-project/app/target/surefire/surefirebooter-20250523153521160_17.jar"/>
    <property name="sun.management.compiler" value="HotSpot 64-Bit Tiered Compilers"/>
    <property name="java.runtime.version" value="22.0.2+9"/>
    <property name="user.name" value="joao"/>
    <property name="stdout.encoding" value="UTF-8"/>
    <property name="path.separator" value=":"/>
    <property name="os.version" value="6.14.6-arch1-1"/>
    <property name="java.runtime.name" value="OpenJDK Runtime Environment"/>
    <property name="file.encoding" value="UTF-8"/>
    <property name="java.vm.name" value="OpenJDK 64-Bit Server VM"/>
    <property name="java.vendor.version" value="Temurin-22.0.2+9"/>
    <property name="localRepository" value="/home/joao/.m2/repository"/>
    <property name="java.vendor.url.bug" value="https://github.com/adoptium/adoptium-support/issues"/>
    <property name="java.io.tmpdir" value="/tmp"/>
    <property name="idea.version" value="2025.1.1.1"/>
    <property name="java.version" value="22.0.2"/>
    <property name="user.dir" value="/home/joao/4Semestre/Projeto SI/scooter/cites-project/app"/>
    <property name="os.arch" value="amd64"/>
    <property name="java.vm.specification.name" value="Java Virtual Machine Specification"/>
    <property name="native.encoding" value="UTF-8"/>
    <property name="java.library.path" value="/usr/java/packages/lib:/usr/lib64:/lib64:/lib:/usr/lib"/>
    <property name="java.vm.info" value="mixed mode, sharing"/>
    <property name="stderr.encoding" value="UTF-8"/>
    <property name="java.vendor" value="Eclipse Adoptium"/>
    <property name="java.vm.version" value="22.0.2+9"/>
    <property name="sun.io.unicode.encoding" value="UnicodeLittle"/>
    <property name="java.class.version" value="66.0"/>
  </properties>
  <testcase name="testGetDockOccupancy" classname="isel.sisinf.AppTest" time="0.79">
    <system-out><![CDATA[[EL Fine]: server: 2025-05-23 15:35:21.388--Thread(Thread[#1,main,5,main])--Configured server platform: org.eclipse.persistence.platform.server.NoServerPlatform
[EL Config]: metadata: 2025-05-23 15:35:21.443--ServerSession(169663597)--Thread(Thread[#1,main,5,main])--The access type for the persistent class [class isel.sisinf.model.Rider] is set to [FIELD].
[EL Config]: metadata: 2025-05-23 15:35:21.449--ServerSession(169663597)--Thread(Thread[#1,main,5,main])--The access type for the persistent class [class isel.sisinf.model.Dock] is set to [FIELD].
[EL Config]: metadata: 2025-05-23 15:35:21.45--ServerSession(169663597)--Thread(Thread[#1,main,5,main])--The access type for the persistent class [class isel.sisinf.model.Scooter] is set to [FIELD].
[EL Config]: metadata: 2025-05-23 15:35:21.451--ServerSession(169663597)--Thread(Thread[#1,main,5,main])--The alias name for the entity class [class isel.sisinf.model.Rider] is being defaulted to: Rider.
[EL Config]: metadata: 2025-05-23 15:35:21.456--ServerSession(169663597)--Thread(Thread[#1,main,5,main])--The alias name for the entity class [class isel.sisinf.model.Dock] is being defaulted to: Dock.
[EL Config]: metadata: 2025-05-23 15:35:21.456--ServerSession(169663597)--Thread(Thread[#1,main,5,main])--The alias name for the entity class [class isel.sisinf.model.Scooter] is being defaulted to: Scooter.
[EL Info]: 2025-05-23 15:35:21.491--ServerSession(169663597)--Thread(Thread[#1,main,5,main])--EclipseLink, version: Eclipse Persistence Services - 4.0.6.v202504090809-b9b1a3052f5ed8d3d838116c07fd4d6d6753df8b
[EL Fine]: connection: 2025-05-23 15:35:21.793--Thread(Thread[#1,main,5,main])--Detected database platform: org.eclipse.persistence.platform.database.PostgreSQL10Platform
[EL Fine]: 2025-05-23 15:35:21.795--Thread(Thread[#1,main,5,main])--JsonPlatformProvider class org.eclipse.persistence.pgsql.PostgreSQLJsonPlatformProvider was not found
[EL Fine]: 2025-05-23 15:35:21.798--Thread(Thread[#1,main,5,main])--JsonPlatformProvider class org.eclipse.persistence.platform.database.oracle.json.OracleJsonPlatformProvider was not found
[EL Fine]: 2025-05-23 15:35:21.799--Thread(Thread[#1,main,5,main])--JsonPlatformProvider class org.eclipse.persistence.json.DefaultJsonPlatformProvider was not found
[EL Fine]: 2025-05-23 15:35:21.799--Thread(Thread[#1,main,5,main])--pgsql10_platform_without_json_extension (There is no English translation for this message.)
[EL Fine]: connection: 2025-05-23 15:35:21.801--ServerSession(169663597)--Connection(440736059)--Thread(Thread[#1,main,5,main])--connecting(DatabaseLogin(
	platform=>PostgreSQL10Platform
	user name=> "t44dg70"
	datasource URL=> "jdbc:postgresql://sisinfvlab1.dyn.fil.isel.pt:5432/postgres"
))
[EL Config]: connection: 2025-05-23 15:35:21.927--ServerSession(169663597)--Connection(207546206)--Thread(Thread[#1,main,5,main])--Connected: jdbc:postgresql://sisinfvlab1.dyn.fil.isel.pt:5432/postgres
	User: t44dg70
	Database: PostgreSQL  Version: 15.12 (Ubuntu 15.12-1.pgdg22.04+1)
	Driver: PostgreSQL JDBC Driver  Version: 42.7.5
[EL Fine]: connection: 2025-05-23 15:35:21.947--ServerSession(169663597)--Thread(Thread[#1,main,5,main])--/file:/home/joao/4Semestre/Projeto SI/scooter/cites-project/app/target/test-classes/_citesPU login successful
[EL Fine]: sql: 2025-05-23 15:35:22.016--ServerSession(169663597)--Connection(207546206)--Thread(Thread[#1,main,5,main])--SELECT DISTINCT station FROM DOCK
[EL Fine]: sql: 2025-05-23 15:35:22.043--ServerSession(169663597)--Connection(207546206)--Thread(Thread[#1,main,5,main])--SELECT fx_dock_occupancy(?)
	bind => [3]
[EL Fine]: connection: 2025-05-23 15:35:22.063--ServerSession(169663597)--Connection(207546206)--Thread(Thread[#1,main,5,main])--disconnect
[EL Fine]: connection: 2025-05-23 15:35:22.074--ServerSession(169663597)--Thread(Thread[#1,main,5,main])--/file:/home/joao/4Semestre/Projeto SI/scooter/cites-project/app/target/test-classes/_citesPU logout successful
[EL Fine]: connection: 2025-05-23 15:35:22.074--ServerSession(169663597)--Connection(440736059)--Thread(Thread[#1,main,5,main])--disconnect
]]></system-out>
  </testcase>
  <testcase name="testRiderViewIntegration" classname="isel.sisinf.AppTest" time="0.32">
    <system-out><![CDATA[[EL Fine]: moxy: 2025-05-23 15:35:22.076--Thread(Thread[#1,main,5,main])--SAXParserFactory instance: com.sun.org.apache.xerces.internal.jaxp.SAXParserFactoryImpl@74cf8b28
[EL Fine]: server: 2025-05-23 15:35:22.077--Thread(Thread[#1,main,5,main])--Configured server platform: org.eclipse.persistence.platform.server.NoServerPlatform
[EL Config]: metadata: 2025-05-23 15:35:22.079--ServerSession(1481594007)--Thread(Thread[#1,main,5,main])--The access type for the persistent class [class isel.sisinf.model.Rider] is set to [FIELD].
[EL Config]: metadata: 2025-05-23 15:35:22.08--ServerSession(1481594007)--Thread(Thread[#1,main,5,main])--The access type for the persistent class [class isel.sisinf.model.Dock] is set to [FIELD].
[EL Config]: metadata: 2025-05-23 15:35:22.082--ServerSession(1481594007)--Thread(Thread[#1,main,5,main])--The access type for the persistent class [class isel.sisinf.model.Scooter] is set to [FIELD].
[EL Config]: metadata: 2025-05-23 15:35:22.083--ServerSession(1481594007)--Thread(Thread[#1,main,5,main])--The alias name for the entity class [class isel.sisinf.model.Rider] is being defaulted to: Rider.
[EL Config]: metadata: 2025-05-23 15:35:22.084--ServerSession(1481594007)--Thread(Thread[#1,main,5,main])--The alias name for the entity class [class isel.sisinf.model.Dock] is being defaulted to: Dock.
[EL Config]: metadata: 2025-05-23 15:35:22.084--ServerSession(1481594007)--Thread(Thread[#1,main,5,main])--The alias name for the entity class [class isel.sisinf.model.Scooter] is being defaulted to: Scooter.
[EL Info]: 2025-05-23 15:35:22.086--ServerSession(1481594007)--Thread(Thread[#1,main,5,main])--EclipseLink, version: Eclipse Persistence Services - 4.0.6.v202504090809-b9b1a3052f5ed8d3d838116c07fd4d6d6753df8b
[EL Fine]: connection: 2025-05-23 15:35:22.231--Thread(Thread[#1,main,5,main])--Detected database platform: org.eclipse.persistence.platform.database.PostgreSQL10Platform
[EL Fine]: 2025-05-23 15:35:22.232--Thread(Thread[#1,main,5,main])--JsonPlatformProvider class org.eclipse.persistence.pgsql.PostgreSQLJsonPlatformProvider was not found
[EL Fine]: 2025-05-23 15:35:22.233--Thread(Thread[#1,main,5,main])--JsonPlatformProvider class org.eclipse.persistence.platform.database.oracle.json.OracleJsonPlatformProvider was not found
[EL Fine]: 2025-05-23 15:35:22.233--Thread(Thread[#1,main,5,main])--JsonPlatformProvider class org.eclipse.persistence.json.DefaultJsonPlatformProvider was not found
[EL Fine]: 2025-05-23 15:35:22.233--Thread(Thread[#1,main,5,main])--pgsql10_platform_without_json_extension (There is no English translation for this message.)
[EL Fine]: connection: 2025-05-23 15:35:22.234--ServerSession(1481594007)--Connection(1337655323)--Thread(Thread[#1,main,5,main])--connecting(DatabaseLogin(
	platform=>PostgreSQL10Platform
	user name=> "t44dg70"
	datasource URL=> "jdbc:postgresql://sisinfvlab1.dyn.fil.isel.pt:5432/postgres"
))
[EL Config]: connection: 2025-05-23 15:35:22.349--ServerSession(1481594007)--Connection(1074844820)--Thread(Thread[#1,main,5,main])--Connected: jdbc:postgresql://sisinfvlab1.dyn.fil.isel.pt:5432/postgres
	User: t44dg70
	Database: PostgreSQL  Version: 15.12 (Ubuntu 15.12-1.pgdg22.04+1)
	Driver: PostgreSQL JDBC Driver  Version: 42.7.5
[EL Fine]: connection: 2025-05-23 15:35:22.35--ServerSession(1481594007)--Thread(Thread[#1,main,5,main])--/file:/home/joao/4Semestre/Projeto SI/scooter/cites-project/app/target/test-classes/_citesPU login successful
[EL Fine]: sql: 2025-05-23 15:35:22.352--ServerSession(1481594007)--Connection(1074844820)--Thread(Thread[#1,main,5,main])--SELECT id, email, taxnumber, name, dtregister, cardid, credit, typeofcard FROM RIDER
[EL Fine]: connection: 2025-05-23 15:35:22.384--ServerSession(1481594007)--Connection(1074844820)--Thread(Thread[#1,main,5,main])--disconnect
[EL Fine]: connection: 2025-05-23 15:35:22.394--ServerSession(1481594007)--Thread(Thread[#1,main,5,main])--/file:/home/joao/4Semestre/Projeto SI/scooter/cites-project/app/target/test-classes/_citesPU logout successful
[EL Fine]: connection: 2025-05-23 15:35:22.395--ServerSession(1481594007)--Connection(1337655323)--Thread(Thread[#1,main,5,main])--disconnect
]]></system-out>
  </testcase>
</testsuite>