<?xml version="1.0" encoding="UTF-8"?>
<testsuite xmlns:xsi="http://www.w3.org/2001/XMLSchema-instance" xsi:noNamespaceSchemaLocation="https://maven.apache.org/surefire/maven-surefire-plugin/xsd/surefire-test-report-3.0.xsd" version="3.0" name="isel.sisinf.AppTest" time="1.955" tests="3" errors="0" skipped="0" failures="0">
  <properties>
    <property name="java.specification.version" value="23"/>
    <property name="sun.cpu.isalist" value="amd64"/>
    <property name="sun.jnu.encoding" value="Cp1252"/>
    <property name="java.class.path" value="C:\4Semestre\SI\scooter\cites-project\dal\target\test-classes;C:\4Semestre\SI\scooter\cites-project\dal\target\classes;C:\Users\jonys\.m2\repository\junit\junit\4.13.1\junit-4.13.1.jar;C:\Users\jonys\.m2\repository\org\hamcrest\hamcrest-core\1.3\hamcrest-core-1.3.jar;C:\Users\jonys\.m2\repository\org\eclipse\persistence\eclipselink\4.0.6\eclipselink-4.0.6.jar;C:\Users\jonys\.m2\repository\jakarta\persistence\jakarta.persistence-api\3.1.0\jakarta.persistence-api-3.1.0.jar;C:\Users\jonys\.m2\repository\jakarta\xml\bind\jakarta.xml.bind-api\4.0.2\jakarta.xml.bind-api-4.0.2.jar;C:\Users\jonys\.m2\repository\com\sun\xml\bind\jaxb-xjc\4.0.5\jaxb-xjc-4.0.5.jar;C:\Users\jonys\.m2\repository\com\sun\xml\bind\jaxb-core\4.0.5\jaxb-core-4.0.5.jar;C:\Users\jonys\.m2\repository\org\eclipse\angus\angus-activation\2.0.2\angus-activation-2.0.2.jar;C:\Users\jonys\.m2\repository\jakarta\activation\jakarta.activation-api\2.1.3\jakarta.activation-api-2.1.3.jar;C:\Users\jonys\.m2\repository\org\postgresql\postgresql\42.7.5\postgresql-42.7.5.jar;C:\Users\jonys\.m2\repository\org\checkerframework\checker-qual\3.48.3\checker-qual-3.48.3.jar;C:\4Semestre\SI\scooter\cites-project\model\target\model-1.0-SNAPSHOT.jar;"/>
    <property name="java.vm.vendor" value="Amazon.com Inc."/>
    <property name="sun.arch.data.model" value="64"/>
    <property name="user.variant" value=""/>
    <property name="java.vendor.url" value="https://aws.amazon.com/corretto/"/>
    <property name="user.timezone" value="Europe/Lisbon"/>
    <property name="user.country.format" value="PT"/>
    <property name="os.name" value="Windows 11"/>
    <property name="java.vm.specification.version" value="23"/>
    <property name="sun.java.launcher" value="SUN_STANDARD"/>
    <property name="user.country" value="US"/>
    <property name="sun.boot.library.path" value="C:\Users\jonys\.jdks\corretto-23.0.2\bin"/>
    <property name="sun.java.command" value="C:\Users\jonys\AppData\Local\Temp\surefire2626165325711445761\surefirebooter-20250523002032361_6.jar C:\Users\jonys\AppData\Local\Temp\surefire2626165325711445761 2025-05-23T00-20-30_672-jvmRun1 surefire-20250523002032361_4tmp surefire_1-20250523002032361_5tmp"/>
    <property name="jdk.debug" value="release"/>
    <property name="surefire.test.class.path" value="C:\4Semestre\SI\scooter\cites-project\dal\target\test-classes;C:\4Semestre\SI\scooter\cites-project\dal\target\classes;C:\Users\jonys\.m2\repository\junit\junit\4.13.1\junit-4.13.1.jar;C:\Users\jonys\.m2\repository\org\hamcrest\hamcrest-core\1.3\hamcrest-core-1.3.jar;C:\Users\jonys\.m2\repository\org\eclipse\persistence\eclipselink\4.0.6\eclipselink-4.0.6.jar;C:\Users\jonys\.m2\repository\jakarta\persistence\jakarta.persistence-api\3.1.0\jakarta.persistence-api-3.1.0.jar;C:\Users\jonys\.m2\repository\jakarta\xml\bind\jakarta.xml.bind-api\4.0.2\jakarta.xml.bind-api-4.0.2.jar;C:\Users\jonys\.m2\repository\com\sun\xml\bind\jaxb-xjc\4.0.5\jaxb-xjc-4.0.5.jar;C:\Users\jonys\.m2\repository\com\sun\xml\bind\jaxb-core\4.0.5\jaxb-core-4.0.5.jar;C:\Users\jonys\.m2\repository\org\eclipse\angus\angus-activation\2.0.2\angus-activation-2.0.2.jar;C:\Users\jonys\.m2\repository\jakarta\activation\jakarta.activation-api\2.1.3\jakarta.activation-api-2.1.3.jar;C:\Users\jonys\.m2\repository\org\postgresql\postgresql\42.7.5\postgresql-42.7.5.jar;C:\Users\jonys\.m2\repository\org\checkerframework\checker-qual\3.48.3\checker-qual-3.48.3.jar;C:\4Semestre\SI\scooter\cites-project\model\target\model-1.0-SNAPSHOT.jar;"/>
    <property name="sun.cpu.endian" value="little"/>
    <property name="user.home" value="C:\Users\jonys"/>
    <property name="user.language" value="en"/>
    <property name="java.specification.vendor" value="Oracle Corporation"/>
    <property name="java.version.date" value="2025-01-21"/>
    <property name="java.home" value="C:\Users\jonys\.jdks\corretto-23.0.2"/>
    <property name="file.separator" value="\"/>
    <property name="basedir" value="C:\4Semestre\SI\scooter\cites-project\dal"/>
    <property name="java.vm.compressedOopsMode" value="Zero based"/>
    <property name="line.separator" value="&#10;"/>
    <property name="java.vm.specification.vendor" value="Oracle Corporation"/>
    <property name="java.specification.name" value="Java Platform API Specification"/>
    <property name="surefire.real.class.path" value="C:\Users\jonys\AppData\Local\Temp\surefire2626165325711445761\surefirebooter-20250523002032361_6.jar"/>
    <property name="user.script" value=""/>
    <property name="sun.management.compiler" value="HotSpot 64-Bit Tiered Compilers"/>
    <property name="java.runtime.version" value="23.0.2+7-FR"/>
    <property name="user.name" value="jonys"/>
    <property name="stdout.encoding" value="Cp1252"/>
    <property name="path.separator" value=";"/>
    <property name="os.version" value="10.0"/>
    <property name="java.runtime.name" value="OpenJDK Runtime Environment"/>
    <property name="file.encoding" value="UTF-8"/>
    <property name="java.vm.name" value="OpenJDK 64-Bit Server VM"/>
    <property name="java.vendor.version" value="Corretto-23.0.2.7.1"/>
    <property name="localRepository" value="C:\Users\jonys\.m2\repository"/>
    <property name="java.vendor.url.bug" value="https://github.com/corretto/corretto-23/issues/"/>
    <property name="java.io.tmpdir" value="C:\Users\jonys\AppData\Local\Temp\"/>
    <property name="idea.version" value="2025.1.1.1"/>
    <property name="java.version" value="23.0.2"/>
    <property name="user.dir" value="C:\4Semestre\SI\scooter\cites-project\dal"/>
    <property name="os.arch" value="amd64"/>
    <property name="java.vm.specification.name" value="Java Virtual Machine Specification"/>
    <property name="user.language.format" value="pt"/>
    <property name="sun.os.patch.level" value=""/>
    <property name="native.encoding" value="Cp1252"/>
    <property name="java.library.path" value="C:\Users\jonys\.jdks\corretto-23.0.2\bin;C:\WINDOWS\Sun\Java\bin;C:\WINDOWS\system32;C:\WINDOWS;C:\Program Files\Common Files\Oracle\Java\javapath;C:\WINDOWS\system32;C:\WINDOWS;C:\WINDOWS\System32\Wbem;C:\WINDOWS\System32\WindowsPowerShell\v1.0\;C:\WINDOWS\System32\OpenSSH\;C:\Program Files\dotnet\;C:\Program Files\NVIDIA Corporation\NVIDIA App\NvDLISR;C:\Program Files (x86)\NVIDIA Corporation\PhysX\Common;C:\Program Files\Git\cmd;C:\Program Files\Docker\Docker\resources\bin;C:\Program Files\WinRAR;C:\Users\jonys\AppData\Local\Microsoft\WindowsApps;C:\Users\jonys\AppData\Local\Programs\Microsoft VS Code\bin;C:\Users\jonys\.dotnet\tools;C:\Users\jonys\AppData\Roaming\ISEL\P16\p16dbg_v4.6;C:\Users\jonys\AppData\Roaming\ISEL\P16\p16as_v1.5.0;C:\Users\jonys\AppData\Roaming\ISEL\P16\p16sim_v3.14.4;C:\Users\jonys\AppData\Roaming\ISEL\P16;."/>
    <property name="java.vm.info" value="mixed mode, sharing"/>
    <property name="stderr.encoding" value="Cp1252"/>
    <property name="java.vendor" value="Amazon.com Inc."/>
    <property name="java.vm.version" value="23.0.2+7-FR"/>
    <property name="sun.io.unicode.encoding" value="UnicodeLittle"/>
    <property name="java.class.version" value="67.0"/>
  </properties>
  <testcase name="testOptimisticLockingOnDock" classname="isel.sisinf.AppTest" time="1.385">
    <system-out><![CDATA[[EL Fine]: server: 2025-05-23 00:20:32.977--Thread(Thread[#1,main,5,main])--Configured server platform: org.eclipse.persistence.platform.server.NoServerPlatform
[EL Config]: metadata: 2025-05-23 00:20:33.091--ServerSession(1987169128)--Thread(Thread[#1,main,5,main])--The access type for the persistent class [class isel.sisinf.model.Rider] is set to [FIELD].
[EL Config]: metadata: 2025-05-23 00:20:33.103--ServerSession(1987169128)--Thread(Thread[#1,main,5,main])--The access type for the persistent class [class isel.sisinf.model.Dock] is set to [FIELD].
[EL Config]: metadata: 2025-05-23 00:20:33.107--ServerSession(1987169128)--Thread(Thread[#1,main,5,main])--The access type for the persistent class [class isel.sisinf.model.Scooter] is set to [FIELD].
[EL Config]: metadata: 2025-05-23 00:20:33.108--ServerSession(1987169128)--Thread(Thread[#1,main,5,main])--The alias name for the entity class [class isel.sisinf.model.Rider] is being defaulted to: Rider.
[EL Config]: metadata: 2025-05-23 00:20:33.12--ServerSession(1987169128)--Thread(Thread[#1,main,5,main])--The alias name for the entity class [class isel.sisinf.model.Dock] is being defaulted to: Dock.
[EL Config]: metadata: 2025-05-23 00:20:33.121--ServerSession(1987169128)--Thread(Thread[#1,main,5,main])--The alias name for the entity class [class isel.sisinf.model.Scooter] is being defaulted to: Scooter.
[EL Info]: 2025-05-23 00:20:33.226--ServerSession(1987169128)--Thread(Thread[#1,main,5,main])--EclipseLink, version: Eclipse Persistence Services - 4.0.6.v202504090809-b9b1a3052f5ed8d3d838116c07fd4d6d6753df8b
[EL Fine]: connection: 2025-05-23 00:20:33.876--Thread(Thread[#1,main,5,main])--Detected database platform: org.eclipse.persistence.platform.database.PostgreSQL10Platform
[EL Fine]: 2025-05-23 00:20:33.882--Thread(Thread[#1,main,5,main])--JsonPlatformProvider class org.eclipse.persistence.pgsql.PostgreSQLJsonPlatformProvider was not found
[EL Fine]: 2025-05-23 00:20:33.886--Thread(Thread[#1,main,5,main])--JsonPlatformProvider class org.eclipse.persistence.platform.database.oracle.json.OracleJsonPlatformProvider was not found
[EL Fine]: 2025-05-23 00:20:33.886--Thread(Thread[#1,main,5,main])--JsonPlatformProvider class org.eclipse.persistence.json.DefaultJsonPlatformProvider was not found
[EL Fine]: 2025-05-23 00:20:33.886--Thread(Thread[#1,main,5,main])--pgsql10_platform_without_json_extension (There is no English translation for this message.)
[EL Fine]: connection: 2025-05-23 00:20:33.891--ServerSession(1987169128)--Connection(998242313)--Thread(Thread[#1,main,5,main])--connecting(DatabaseLogin(
	platform=>PostgreSQL10Platform
	user name=> "t44dg70"
	datasource URL=> "jdbc:postgresql://sisinfvlab1.dyn.fil.isel.pt:5432/postgres"
))
[EL Config]: connection: 2025-05-23 00:20:34.2--ServerSession(1987169128)--Connection(464872674)--Thread(Thread[#1,main,5,main])--Connected: jdbc:postgresql://sisinfvlab1.dyn.fil.isel.pt:5432/postgres
	User: t44dg70
	Database: PostgreSQL  Version: 15.12 (Ubuntu 15.12-1.pgdg22.04+1)
	Driver: PostgreSQL JDBC Driver  Version: 42.7.5
[EL Fine]: connection: 2025-05-23 00:20:34.238--ServerSession(1987169128)--Thread(Thread[#1,main,5,main])--/file:/C:/4Semestre/SI/scooter/cites-project/dal/target/test-classes/_citesPU login successful
[EL Fine]: sql: 2025-05-23 00:20:34.378--ServerSession(1987169128)--Connection(464872674)--Thread(Thread[#1,main,5,main])--SELECT number, scooter, state, station, version FROM DOCK
[EL Fine]: sql: 2025-05-23 00:20:34.427--ClientSession(2112135199)--Connection(464872674)--Thread(Thread[#1,main,5,main])--SELECT NOW()
[EL Fine]: sql: 2025-05-23 00:20:34.441--ClientSession(2112135199)--Connection(464872674)--Thread(Thread[#1,main,5,main])--UPDATE DOCK SET scooter = ?, state = ?, version = ? WHERE ((number = ?) AND (version = ?))
	bind => [1, occupy, 2025-05-23 01:20:34.65345, 2, 2025-05-23 00:20:13.012535]
[EL Fine]: sql: 2025-05-23 00:20:34.471--ClientSession(1623287112)--Connection(464872674)--Thread(Thread[#1,main,5,main])--SELECT NOW()
[EL Fine]: sql: 2025-05-23 00:20:34.484--ClientSession(1623287112)--Connection(464872674)--Thread(Thread[#1,main,5,main])--UPDATE DOCK SET scooter = ?, state = ?, version = ? WHERE ((number = ?) AND (version = ?))
	bind => [2, occupy, 2025-05-23 01:20:34.696941, 2, 2025-05-23 00:20:13.012535]
[EL Warning]: 2025-05-23 00:20:34.498--UnitOfWork(211199210)--Thread(Thread[#1,main,5,main])--Exception [EclipseLink-5006] (Eclipse Persistence Services - 4.0.6.v202504090809-b9b1a3052f5ed8d3d838116c07fd4d6d6753df8b): org.eclipse.persistence.exceptions.OptimisticLockException
Exception Description: The object [isel.sisinf.model.Dock@3956b302] cannot be updated because it has changed or been deleted since it was last read. 
Class> isel.sisinf.model.Dock Primary Key> 2
]]></system-out>
  </testcase>
  <testcase name="testCreateAndFindRider" classname="isel.sisinf.AppTest" time="0.077">
    <system-out><![CDATA[[EL Fine]: sql: 2025-05-23 00:20:34.528--ClientSession(2027701910)--Connection(464872674)--Thread(Thread[#1,main,5,main])--INSERT INTO postgres.public.RIDER (id, cardid, credit, dtregister, email, name, taxnumber, typeofcard) VALUES (?, ?, ?, ?, ?, ?, ?, ?)
	bind => [0, 0, 20.0, 2025-05-22 12:00:00.0, integrationtest@email.com, Integration Test User, 123123123, resident]
[EL Fine]: sql: 2025-05-23 00:20:34.569--ServerSession(1987169128)--Connection(464872674)--Thread(Thread[#1,main,5,main])--SELECT id, email, taxnumber, name, dtregister, cardid, credit, typeofcard FROM RIDER
]]></system-out>
  </testcase>
  <testcase name="testDockOccupancyFunction" classname="isel.sisinf.AppTest" time="0.067">
    <system-out><![CDATA[[EL Fine]: sql: 2025-05-23 00:20:34.62--ServerSession(1987169128)--Connection(464872674)--Thread(Thread[#1,main,5,main])--SELECT DISTINCT station FROM DOCK
[EL Fine]: sql: 2025-05-23 00:20:34.64--ServerSession(1987169128)--Connection(464872674)--Thread(Thread[#1,main,5,main])--SELECT fx_dock_occupancy(?)
	bind => [3]
]]></system-out>
  </testcase>
</testsuite>